<?xml version="1.0" encoding="UTF-8"?>
<testsuite xmlns:xsi="http://www.w3.org/2001/XMLSchema-instance" xsi:noNamespaceSchemaLocation="https://maven.apache.org/surefire/maven-surefire-plugin/xsd/surefire-test-report.xsd" name="com.stackroute.AppTest" time="0.071" tests="1" errors="0" skipped="0" failures="0">
  <properties>
    <property name="sun.desktop" value="gnome"/>
    <property name="awt.toolkit" value="sun.awt.X11.XToolkit"/>
    <property name="java.specification.version" value="11"/>
    <property name="sun.cpu.isalist" value=""/>
    <property name="sun.jnu.encoding" value="UTF-8"/>
    <property name="java.class.path" value="/home/mites/Downloads/ibm-wave8-activity-stream-master(3)/ibm-wave8-activity-stream-master/activity-stream-app/twitterAdapter/target/test-classes:/home/mites/Downloads/ibm-wave8-activity-stream-master(3)/ibm-wave8-activity-stream-master/activity-stream-app/twitterAdapter/target/classes:/home/mites/.m2/repository/org/springframework/boot/spring-boot-autoconfigure/2.1.7.RELEASE/spring-boot-autoconfigure-2.1.7.RELEASE.jar:/home/mites/.m2/repository/org/springframework/boot/spring-boot/2.1.7.RELEASE/spring-boot-2.1.7.RELEASE.jar:/home/mites/.m2/repository/org/springframework/spring-core/5.1.9.RELEASE/spring-core-5.1.9.RELEASE.jar:/home/mites/.m2/repository/org/springframework/spring-jcl/5.1.9.RELEASE/spring-jcl-5.1.9.RELEASE.jar:/home/mites/.m2/repository/javax/annotation/javax.annotation-api/1.3.2/javax.annotation-api-1.3.2.jar:/home/mites/.m2/repository/org/springframework/kafka/spring-kafka/2.2.8.RELEASE/spring-kafka-2.2.8.RELEASE.jar:/home/mites/.m2/repository/org/springframework/spring-context/5.1.9.RELEASE/spring-context-5.1.9.RELEASE.jar:/home/mites/.m2/repository/org/springframework/spring-aop/5.1.9.RELEASE/spring-aop-5.1.9.RELEASE.jar:/home/mites/.m2/repository/org/springframework/spring-beans/5.1.9.RELEASE/spring-beans-5.1.9.RELEASE.jar:/home/mites/.m2/repository/org/springframework/spring-expression/5.1.9.RELEASE/spring-expression-5.1.9.RELEASE.jar:/home/mites/.m2/repository/org/springframework/spring-messaging/5.1.9.RELEASE/spring-messaging-5.1.9.RELEASE.jar:/home/mites/.m2/repository/org/springframework/spring-tx/5.1.9.RELEASE/spring-tx-5.1.9.RELEASE.jar:/home/mites/.m2/repository/org/springframework/retry/spring-retry/1.2.4.RELEASE/spring-retry-1.2.4.RELEASE.jar:/home/mites/.m2/repository/org/apache/kafka/kafka-clients/2.0.1/kafka-clients-2.0.1.jar:/home/mites/.m2/repository/org/lz4/lz4-java/1.4.1/lz4-java-1.4.1.jar:/home/mites/.m2/repository/org/xerial/snappy/snappy-java/1.1.7.1/snappy-java-1.1.7.1.jar:/home/mites/.m2/repository/org/apache/kafka/kafka_2.12/2.3.0/kafka_2.12-2.3.0.jar:/home/mites/.m2/repository/com/fasterxml/jackson/module/jackson-module-scala_2.12/2.9.9/jackson-module-scala_2.12-2.9.9.jar:/home/mites/.m2/repository/com/fasterxml/jackson/module/jackson-module-paranamer/2.9.9/jackson-module-paranamer-2.9.9.jar:/home/mites/.m2/repository/com/thoughtworks/paranamer/paranamer/2.8/paranamer-2.8.jar:/home/mites/.m2/repository/com/fasterxml/jackson/dataformat/jackson-dataformat-csv/2.9.9/jackson-dataformat-csv-2.9.9.jar:/home/mites/.m2/repository/com/fasterxml/jackson/datatype/jackson-datatype-jdk8/2.9.9/jackson-datatype-jdk8-2.9.9.jar:/home/mites/.m2/repository/net/sf/jopt-simple/jopt-simple/5.0.4/jopt-simple-5.0.4.jar:/home/mites/.m2/repository/com/yammer/metrics/metrics-core/2.2.0/metrics-core-2.2.0.jar:/home/mites/.m2/repository/org/scala-lang/scala-library/2.12.8/scala-library-2.12.8.jar:/home/mites/.m2/repository/org/scala-lang/scala-reflect/2.12.8/scala-reflect-2.12.8.jar:/home/mites/.m2/repository/com/typesafe/scala-logging/scala-logging_2.12/3.9.0/scala-logging_2.12-3.9.0.jar:/home/mites/.m2/repository/org/slf4j/slf4j-api/1.7.26/slf4j-api-1.7.26.jar:/home/mites/.m2/repository/com/101tec/zkclient/0.11/zkclient-0.11.jar:/home/mites/.m2/repository/org/apache/zookeeper/zookeeper/3.4.14/zookeeper-3.4.14.jar:/home/mites/.m2/repository/com/github/spotbugs/spotbugs-annotations/3.1.9/spotbugs-annotations-3.1.9.jar:/home/mites/.m2/repository/com/google/code/findbugs/jsr305/3.0.2/jsr305-3.0.2.jar:/home/mites/.m2/repository/org/apache/yetus/audience-annotations/0.5.0/audience-annotations-0.5.0.jar:/home/mites/.m2/repository/com/fasterxml/jackson/core/jackson-core/2.9.9/jackson-core-2.9.9.jar:/home/mites/.m2/repository/org/twitter4j/twitter4j-core/4.0.7/twitter4j-core-4.0.7.jar:/home/mites/.m2/repository/com/fasterxml/jackson/core/jackson-databind/2.9.9.3/jackson-databind-2.9.9.3.jar:/home/mites/.m2/repository/com/fasterxml/jackson/core/jackson-annotations/2.9.0/jackson-annotations-2.9.0.jar:/home/mites/.m2/repository/org/twitter4j/twitter4j-stream/4.0.7/twitter4j-stream-4.0.7.jar:/home/mites/.m2/repository/junit/junit/4.12/junit-4.12.jar:/home/mites/.m2/repository/org/hamcrest/hamcrest-core/1.3/hamcrest-core-1.3.jar:"/>
    <property name="java.vm.vendor" value="Oracle Corporation"/>
    <property name="sun.arch.data.model" value="64"/>
    <property name="java.vendor.url" value="http://java.oracle.com/"/>
    <property name="user.timezone" value=""/>
    <property name="java.vm.specification.version" value="11"/>
    <property name="os.name" value="Linux"/>
    <property name="sun.java.launcher" value="SUN_STANDARD"/>
    <property name="user.country" value="IN"/>
    <property name="sun.boot.library.path" value="/usr/lib/jvm/java-11-oracle/lib"/>
    <property name="sun.java.command" value="/home/mites/Downloads/ibm-wave8-activity-stream-master(3)/ibm-wave8-activity-stream-master/activity-stream-app/twitterAdapter/target/surefire/surefirebooter15613620945114439342.jar /home/mites/Downloads/ibm-wave8-activity-stream-master(3)/ibm-wave8-activity-stream-master/activity-stream-app/twitterAdapter/target/surefire 2019-09-09T09-37-06_078-jvmRun1 surefire13756833628548418397tmp surefire_01660524097440111867tmp"/>
    <property name="jdk.debug" value="release"/>
    <property name="surefire.test.class.path" value="/home/mites/Downloads/ibm-wave8-activity-stream-master(3)/ibm-wave8-activity-stream-master/activity-stream-app/twitterAdapter/target/test-classes:/home/mites/Downloads/ibm-wave8-activity-stream-master(3)/ibm-wave8-activity-stream-master/activity-stream-app/twitterAdapter/target/classes:/home/mites/.m2/repository/org/springframework/boot/spring-boot-autoconfigure/2.1.7.RELEASE/spring-boot-autoconfigure-2.1.7.RELEASE.jar:/home/mites/.m2/repository/org/springframework/boot/spring-boot/2.1.7.RELEASE/spring-boot-2.1.7.RELEASE.jar:/home/mites/.m2/repository/org/springframework/spring-core/5.1.9.RELEASE/spring-core-5.1.9.RELEASE.jar:/home/mites/.m2/repository/org/springframework/spring-jcl/5.1.9.RELEASE/spring-jcl-5.1.9.RELEASE.jar:/home/mites/.m2/repository/javax/annotation/javax.annotation-api/1.3.2/javax.annotation-api-1.3.2.jar:/home/mites/.m2/repository/org/springframework/kafka/spring-kafka/2.2.8.RELEASE/spring-kafka-2.2.8.RELEASE.jar:/home/mites/.m2/repository/org/springframework/spring-context/5.1.9.RELEASE/spring-context-5.1.9.RELEASE.jar:/home/mites/.m2/repository/org/springframework/spring-aop/5.1.9.RELEASE/spring-aop-5.1.9.RELEASE.jar:/home/mites/.m2/repository/org/springframework/spring-beans/5.1.9.RELEASE/spring-beans-5.1.9.RELEASE.jar:/home/mites/.m2/repository/org/springframework/spring-expression/5.1.9.RELEASE/spring-expression-5.1.9.RELEASE.jar:/home/mites/.m2/repository/org/springframework/spring-messaging/5.1.9.RELEASE/spring-messaging-5.1.9.RELEASE.jar:/home/mites/.m2/repository/org/springframework/spring-tx/5.1.9.RELEASE/spring-tx-5.1.9.RELEASE.jar:/home/mites/.m2/repository/org/springframework/retry/spring-retry/1.2.4.RELEASE/spring-retry-1.2.4.RELEASE.jar:/home/mites/.m2/repository/org/apache/kafka/kafka-clients/2.0.1/kafka-clients-2.0.1.jar:/home/mites/.m2/repository/org/lz4/lz4-java/1.4.1/lz4-java-1.4.1.jar:/home/mites/.m2/repository/org/xerial/snappy/snappy-java/1.1.7.1/snappy-java-1.1.7.1.jar:/home/mites/.m2/repository/org/apache/kafka/kafka_2.12/2.3.0/kafka_2.12-2.3.0.jar:/home/mites/.m2/repository/com/fasterxml/jackson/module/jackson-module-scala_2.12/2.9.9/jackson-module-scala_2.12-2.9.9.jar:/home/mites/.m2/repository/com/fasterxml/jackson/module/jackson-module-paranamer/2.9.9/jackson-module-paranamer-2.9.9.jar:/home/mites/.m2/repository/com/thoughtworks/paranamer/paranamer/2.8/paranamer-2.8.jar:/home/mites/.m2/repository/com/fasterxml/jackson/dataformat/jackson-dataformat-csv/2.9.9/jackson-dataformat-csv-2.9.9.jar:/home/mites/.m2/repository/com/fasterxml/jackson/datatype/jackson-datatype-jdk8/2.9.9/jackson-datatype-jdk8-2.9.9.jar:/home/mites/.m2/repository/net/sf/jopt-simple/jopt-simple/5.0.4/jopt-simple-5.0.4.jar:/home/mites/.m2/repository/com/yammer/metrics/metrics-core/2.2.0/metrics-core-2.2.0.jar:/home/mites/.m2/repository/org/scala-lang/scala-library/2.12.8/scala-library-2.12.8.jar:/home/mites/.m2/repository/org/scala-lang/scala-reflect/2.12.8/scala-reflect-2.12.8.jar:/home/mites/.m2/repository/com/typesafe/scala-logging/scala-logging_2.12/3.9.0/scala-logging_2.12-3.9.0.jar:/home/mites/.m2/repository/org/slf4j/slf4j-api/1.7.26/slf4j-api-1.7.26.jar:/home/mites/.m2/repository/com/101tec/zkclient/0.11/zkclient-0.11.jar:/home/mites/.m2/repository/org/apache/zookeeper/zookeeper/3.4.14/zookeeper-3.4.14.jar:/home/mites/.m2/repository/com/github/spotbugs/spotbugs-annotations/3.1.9/spotbugs-annotations-3.1.9.jar:/home/mites/.m2/repository/com/google/code/findbugs/jsr305/3.0.2/jsr305-3.0.2.jar:/home/mites/.m2/repository/org/apache/yetus/audience-annotations/0.5.0/audience-annotations-0.5.0.jar:/home/mites/.m2/repository/com/fasterxml/jackson/core/jackson-core/2.9.9/jackson-core-2.9.9.jar:/home/mites/.m2/repository/org/twitter4j/twitter4j-core/4.0.7/twitter4j-core-4.0.7.jar:/home/mites/.m2/repository/com/fasterxml/jackson/core/jackson-databind/2.9.9.3/jackson-databind-2.9.9.3.jar:/home/mites/.m2/repository/com/fasterxml/jackson/core/jackson-annotations/2.9.0/jackson-annotations-2.9.0.jar:/home/mites/.m2/repository/org/twitter4j/twitter4j-stream/4.0.7/twitter4j-stream-4.0.7.jar:/home/mites/.m2/repository/junit/junit/4.12/junit-4.12.jar:/home/mites/.m2/repository/org/hamcrest/hamcrest-core/1.3/hamcrest-core-1.3.jar:"/>
    <property name="sun.cpu.endian" value="little"/>
    <property name="user.home" value="/home/mites"/>
    <property name="user.language" value="en"/>
    <property name="java.specification.vendor" value="Oracle Corporation"/>
    <property name="java.version.date" value="2019-01-15"/>
    <property name="idea.version2019.2.2" value="true"/>
    <property name="java.home" value="/usr/lib/jvm/java-11-oracle"/>
    <property name="file.separator" value="/"/>
    <property name="basedir" value="/home/mites/Downloads/ibm-wave8-activity-stream-master(3)/ibm-wave8-activity-stream-master/activity-stream-app/twitterAdapter"/>
    <property name="java.vm.compressedOopsMode" value="32-bit"/>
    <property name="line.separator" value="&#10;"/>
    <property name="java.specification.name" value="Java Platform API Specification"/>
    <property name="java.vm.specification.vendor" value="Oracle Corporation"/>
    <property name="java.awt.graphicsenv" value="sun.awt.X11GraphicsEnvironment"/>
    <property name="surefire.real.class.path" value="/home/mites/Downloads/ibm-wave8-activity-stream-master(3)/ibm-wave8-activity-stream-master/activity-stream-app/twitterAdapter/target/surefire/surefirebooter15613620945114439342.jar"/>
    <property name="sun.management.compiler" value="HotSpot 64-Bit Tiered Compilers"/>
    <property name="java.runtime.version" value="11.0.2+9-LTS"/>
    <property name="user.name" value="mites"/>
    <property name="path.separator" value=":"/>
    <property name="os.version" value="4.15.0-58-generic"/>
    <property name="java.runtime.name" value="Java(TM) SE Runtime Environment"/>
    <property name="file.encoding" value="UTF-8"/>
    <property name="java.vm.name" value="Java HotSpot(TM) 64-Bit Server VM"/>
    <property name="java.vendor.version" value="18.9"/>
    <property name="localRepository" value="/home/mites/.m2/repository"/>
    <property name="java.vendor.url.bug" value="http://bugreport.java.com/bugreport/"/>
    <property name="java.io.tmpdir" value="/tmp"/>
    <property name="java.version" value="11.0.2"/>
    <property name="user.dir" value="/home/mites/Downloads/ibm-wave8-activity-stream-master(3)/ibm-wave8-activity-stream-master/activity-stream-app/twitterAdapter"/>
    <property name="os.arch" value="amd64"/>
    <property name="java.vm.specification.name" value="Java Virtual Machine Specification"/>
    <property name="java.awt.printerjob" value="sun.print.PSPrinterJob"/>
    <property name="sun.os.patch.level" value="unknown"/>
    <property name="java.library.path" value="/usr/java/packages/lib:/usr/lib64:/lib64:/lib:/usr/lib"/>
    <property name="java.vendor" value="Oracle Corporation"/>
    <property name="java.vm.info" value="mixed mode"/>
    <property name="java.vm.version" value="11.0.2+9-LTS"/>
    <property name="sun.io.unicode.encoding" value="UnicodeLittle"/>
    <property name="java.class.version" value="55.0"/>
  </properties>
  <testcase name="shouldAnswerWithTrue" classname="com.stackroute.AppTest" time="0.003"/>
</testsuite>