<?xml version="1.0" encoding="UTF-8"?>
<!-- Generated by org.testng.reporters.JUnitReportReporter -->
<testsuite hostname="clinton-ThinkPad-T450" failures="0" tests="1" name="com.stackroute.ASIBMDomainTest" time="0.035" errors="0" timestamp="2019-09-15T17:06:44 IST" skipped="0">
  <testcase classname="com.stackroute.ASIBMDomainTest" name="shouldAnswerWithTrue" time="0.035"/>
</testsuite> <!-- com.stackroute.ASIBMDomainTest -->
